mktextfm Fontin
mktextfm Fontin
mktextfm Fontin
mktextfm Fontin
mktextfm Fontin/B
mktextfm Fontin
mktextfm Fontin/I
mktextfm Fontin
mktextfm Fontin/BI
mktextfm Fontin
mktextfm pzdr
mktextfm FontAwesome
mktextfm FontAwesome
mktextfm FontAwesome
mktextfm FontAwesome
mktextfm FontAwesome/B
mktextfm FontAwesome
mktextfm FontAwesome/I
mktextfm FontAwesome
mktextfm FontAwesome/BI
mktextfm FontAwesome
mktextfm Fontin
mktextfm Fontin
mktextfm Fontin
mktextfm Fontin
mktextfm Fontin
mktextfm Fontin
mktextfm Fontin
mktextfm Fontin
mktextfm Fontin
mktextfm Fontin
mktextfm Fontin
mktextfm Fontin
mktextfm Fontin
mktextfm Fontin
mktextfm Fontin/B
mktextfm Fontin
mktextfm Fontin/I
mktextfm Fontin
mktextfm Fontin/BI
mktextfm Fontin
mktextfm pzdr
mktextfm FontAwesome
mktextfm FontAwesome
mktextfm FontAwesome
mktextfm FontAwesome
mktextfm FontAwesome/B
mktextfm FontAwesome
mktextfm FontAwesome/I
mktextfm FontAwesome
mktextfm FontAwesome/BI
mktextfm FontAwesome
mktextfm Fontin
mktextfm Fontin
mktextfm Fontin
mktextfm Fontin
mktextfm Fontin
mktextfm Fontin
mktextfm Fontin
mktextfm Fontin
mktextfm Fontin
mktextfm Fontin
mktextfm pzdr
mktextfm pzdr
mktextfm pzdr
mktextfm pzdr
mktextfm pzdr
mktextfm pzdr
mktextfm pzdr
mktextfm pzdr
mktextfm pzdr
mktextfm pzdr
mktextfm pzdr
mktextfm pzdr
mktextfm pzdr
mktextfm pzdr
mktextfm pzdr
mktextfm pzdr
mktextfm pzdr
mktextfm pzdr
mktextfm pzdr
mktextfm pzdr
mktextfm pzdr
mktextfm pzdr
mktextfm pzdr
mktextfm pzdr
mktextfm pzdr
mktextfm pzdr
mktextfm pzdr
mktextfm pzdr
mktextfm pzdr
mktextfm pzdr
mktextfm pzdr
mktextfm pzdr
mktextfm pzdr
mktextfm pzdr
mktextfm pzdr
mktextfm pzdr
mktextfm pzdr
mktextfm pzdr
mktextfm pzdr
mktextfm pzdr
mktextfm pzdr
mktextfm pzdr
mktextfm pzdr
mktextfm pzdr
mktextfm pzdr
mktextfm pzdr
mktextfm pzdr
mktextfm pzdr
mktextfm pzdr
mktextfm pzdr
mktextfm pzdr
mktextfm pzdr
mktextfm pzdr
mktextfm pzdr
mktextfm pzdr
mktextfm pzdr
mktextfm pzdr
mktextfm pzdr
mktextfm pzdr
mktextfm pzdr
mktextfm pzdr
mktextfm pzdr
mktextfm pzdr
mktextfm pzdr
mktextfm pzdr
mktextfm pzdr
mktextfm pzdr
mktextfm pzdr
mktextfm pzdr
mktextfm pzdr
mktextfm pzdr
mktextfm pzdr
mktextfm pzdr
mktextfm pzdr
mktextfm pzdr
mktextfm pzdr
mktextfm pzdr
mktextfm pzdr
mktextfm pzdr
mktextfm pzdr
mktextfm pzdr
mktextfm pzdr
mktextfm pzdr
mktextfm pzdr
mktextfm pzdr
mktextfm pzdr
mktextfm pzdr
mktextfm pzdr
mktextfm pzdr
mktextfm pzdr
mktextfm pzdr
mktextfm pzdr
mktextfm pzdr
mktextfm pzdr
mktextfm pzdr
mktextfm pzdr
mktextfm pzdr
mktextfm pzdr
mktextfm pzdr
mktextfm pzdr
mktextfm pzdr
mktextfm pzdr
mktextfm pzdr
mktextfm pzdr
mktextfm pzdr
mktextfm pzdr
mktextfm pzdr
mktextfm pzdr
mktextfm pzdr
mktextfm pzdr
mktextfm pzdr
